:wolfe.freenode.net NOTICE * :*** Looking up your hostname...

Sat Feb  9 18:51:49 2013:wolfe.freenode.net NOTICE * :*** Checking Ident

Sat Feb  9 18:51:49 2013:wolfe.freenode.net NOTICE * :*** Found your hostname

Sat Feb  9 18:51:58 2013:wolfe.freenode.net NOTICE * :*** No Ident response

Sat Feb  9 18:52:01 2013:wolfe.freenode.net 001 roger-the-fish :Welcome to the freenode Internet Relay Chat Network roger-the-fish
:wolfe.freenode.net 002 roger-the-fish :Your host is wolfe.freenode.net[89.16.176.16/6667], running version ircd-seven-1.1.3
:wolfe.freenode.net 003 roger-the-fish :This server was created Sun Nov 20 2011 at 13:26:13 GMT
:wolfe.freenode.net 004 roger-the-fish wolfe.freenode.net ircd-seven-1.1.3 DOQRSZaghilopswz CFILMPQbcefgijklmnopqrstvz bkloveqjfI
:wolfe.freenode.net 005 roger-the-fish CHANTYPES=# EXCEPTS INVEX CHANMODES=eIbq,k,flj,CFLMPQcgimnprstz CHANLIMIT=#:120 PREFIX=(ov)@+ MAXLIST=bqeI:100 MODES=4 NETWORK=freenode KNOCK STATUSMSG=@+ CALLERID=g :are supported by this server
:wolfe.freenode.net 005 roger-the-fish CASEMAPPING=rfc1459 CHARSET=ascii NICKLEN=16 CHANNELLEN=50 TOPICLEN=390 ETRACE CPRIVMSG CNOTICE DEAF=D MONITOR=100 FNC TARGMAX=NAMES:1,LIST:1,KICK:1,WHOIS:1,PRIVMSG:4,NOTICE:4,ACCEPT:,MONITOR: :are supported by this server
:wolfe.freenode.net 005 roger-the-fish EXTBAN=$,arx WHOX CLIENTVER=3.0 SAFELIST ELIST=CTU :are supported by this server
:wolfe.freenode.net 251 roger-the-fish :There are 199 users and 77885 invisible on 32 servers
:wolfe.freenode.net 252 roger-the-fish 37 :IRC Operators online
:wolfe.freenode.net 254 roger-the-fish 38349 :channels formed
:wolfe.freenode.net 255 roger-the-fish :I have 1338 clients and 1 servers
:wolfe.freenode.net 265 roger-the-fish 1338 7732 :Current local users 1338, max 7732
:wolfe.freenode.net 266 roger-the-fish 78084 87109 :Current global users 78084, max 87109
:wolfe.freenode.net 250 roger-the-fish :Highest connection count: 7733 (7732 clients) (4252574 connections received)
:wolfe.freenode.net 375 roger-the-fish :- wolfe.freenode.net Message of the Day - 
:wolfe.freenode.net 372 roger-the-fish :- Welcome to wolfe.freenode.net in Manchester, England, Uk!  Thanks to
:wolfe.freenode.net 372 roger-the-fish :- Bytemark Computer Consulting Ltd.  (www.bytemark.co.uk) for sponsoring
:wolfe.freenode.net 372 roger-the-fish :- this server!
:wolfe.freenode.net 372 roger-the-fish :-  
:wolfe.freenode.net 372 roger-the-fish :- WOLFE, GENE [1931-].  Prolific writer of short stories and
:wolfe.freenode.net 372 roger-the-fish :- novels. His best-known work is the multi-volume novel The
:wolfe.freenode.net 372 roger-the-fish :- Book of the New Sun. He has won multiple awards including
:wolfe.freenode.net 372 roger-the-fish :- the Nebula Award, the World Fantasy Award, The Campell
:wolfe.freenode.net 372 roger-the-fish :- Memorial Award and the Locus Award. He was awarded the World
:wolfe.freenode.net 372 roger-the-fish :- Fantasy Award for lifetime achievement in 1996.
:wolfe.freenode.net 372 roger-the-fish :-  
:wolfe.freenode.net 372 roger-the-fish :- You're using freenode, a servi
Sat Feb  9 18:52:04 2013ce of Peer-Directed Projects
:wolfe.freenode.net 372 roger-the-fish :- Center Ltd (http://freenode.net/pdpc.shtml).
:wolfe.freenode.net 372 roger-the-fish :-  
:wolfe.freenode.net 372 roger-the-fish :- By connecting to freenode you indicate that you have read
:wolfe.freenode.net 372 roger-the-fish :- and agree to adhere to our policies and procedures as per
:wolfe.freenode.net 372 roger-the-fish :- the website (http://freenode.net). We would like to remind
:wolfe.freenode.net 372 roger-the-fish :- you that unauthorized public logging of channels on the
:wolfe.freenode.net 372 roger-the-fish :- network is prohibited. Public channel logging should only
:wolfe.freenode.net 372 roger-the-fish :- take place where the channel owner(s) has requested this
:wolfe.freenode.net 372 roger-the-fish :- and users of the channel are all made aware (if you are
:wolfe.freenode.net 372 roger-the-fish :- publically logging your channel, you may w