Reseting PCA9685 MODE1 (without SLEEP) and MODE2
I2C: Wrote 0x00 to register 0xFA
I2C: Wrote 0x00 to register 0xFB
I2C: Wrote 0x00 to register 0xFC
I2C: Wrote 0x00 to register 0xFD
I2C: Wrote 0x04 to register 0x01
I2C: Wrote 0x01 to register 0x00
I2C: Device 0x40 returned 0x01 from reg 0x00
I2C: Wrote 0x01 to register 0x00
Setting PWM frequency to 60 Hz
Estimated pre-scale: 100
Final pre-scale: 101
I2C: Device 0x40 returned 0x01 from reg 0x00
I2C: Wrote 0x11 to register 0x00
I2C: Wrote 0x65 to register 0xFE
I2C: Wrote 0x01 to register 0x00
I2C: Wrote 0x81 to register 0x00
I2C: Wrote 0x00 to register 0x06
I2C: Wrote 0x00 to register 0x07
I2C: Wrote 0x96 to register 0x08
I2C: Wrote 0x00 to register 0x09
I2C: Wrote 0x00 to register 0x06
I2C: Wrote 0x00 to register 0x07
I2C: Wrote 0x58 to register 0x08
I2C: Wrote 0x02 to register 0x09
I2C: Wrote 0x00 to register 0x06
I2C: Wrote 0x00 to register 0x07
I2C: Wrote 0x96 to register 0x08
I2C: Wrote 0x00 to register 0x09
I2C: Wrote 0x00 to register 0x06
I2C: Wrote 0x00 to register 0x07
I2C: Wrote 0x58 to register 0x08
I2C: Wrote 0x02 to register 0x09
I2C: Wrote 0x00 to register 0x06
I2C: Wrote 0x00 to register 0x07
I2C: Wrote 0x96 to register 0x08
I2C: Wrote 0x00 to register 0x09
I2C: Wrote 0x00 to register 0x06
I2C: Wrote 0x00 to register 0x07
I2C: Wrote 0x58 to register 0x08
I2C: Wrote 0x02 to register 0x09
I2C: Wrote 0x00 to register 0x06
I2C: Wrote 0x00 to register 0x07
I2C: Wrote 0x96 to register 0x08
I2C: Wrote 0x00 to register 0x09
I2C: Wrote 0x00 to register 0x06
I2C: Wrote 0x00 to register 0x07
I2C: Wrote 0x58 to register 0x08
I2C: Wrote 0x02 to register 0x09
I2C: Wrote 0x00 to register 0x06
I2C: Wrote 0x00 to register 0x07
I2C: Wrote 0x96 to register 0x08
I2C: Wrote 0x00 to register 0x09
I2C: Wrote 0x00 to register 0x06
I2C: Wrote 0x00 to register 0x07
I2C: Wrote 0x58 to register 0x08
I2C: Wrote 0x02 to register 0x09
I2C: Wrote 0x00 to register 0x06
I2C: Wrote 0x00 to register 0x07
I2C: Wrote 0x96 to register 0x08
I2C: Wrote 0x00 to register 0x09
I2C: Wrote 0x00 to register 0x06
I2C: Wrote 0x00 to register 0x07
I2C: Wrote 0x58 to register 0x08
I2C: Wrote 0x02 to register 0x09
I2C: Wrote 0x00 to register 0x06
I2C: Wrote 0x00 to register 0x07
I2C: Wrote 0x96 to register 0x08
I2C: Wrote 0x00 to register 0x09
